Determining if the pthread_create exist failed with the following output:
Change Dir: /home/glauberrleite/nav_class_ws/build/CMakeFiles/CMakeTmp

Run Build Command:"/usr/bin/make" "cmTC_a0584/fast"
/usr/bin/make -f CMakeFiles/cmTC_a0584.dir/build.make CMakeFiles/cmTC_a0584.dir/build
make[1]: Entering directory '/home/glauberrleite/nav_class_ws/build/CMakeFiles/CMakeTmp'
Building C object CMakeFiles/cmTC_a0584.dir/CheckSymbolExists.c.o
/usr/bin/cc    -o CMakeFiles/cmTC_a0584.dir/CheckSymbolExists.c.o   -c /home/glauberrleite/nav_class_ws/build/CMakeFiles/CMakeTmp/CheckSymbolExists.c
Linking C executable cmTC_a0584
/usr/bin/cmake -E cmake_link_script CMakeFiles/cmTC_a0584.dir/link.txt --verbose=1
/usr/bin/cc      -rdynamic CMakeFiles/cmTC_a0584.dir/CheckSymbolExists.c.o  -o cmTC_a0584 
CMakeFiles/cmTC_a0584.dir/CheckSymbolExists.c.o: Na função "main":
CheckSymbolExists.c:(.text+0x1b): referência não definida para "pthread_create"
collect2: error: ld returned 1 exit status
make[1]: *** [CMakeFiles/cmTC_a0584.dir/build.make:87: cmTC_a0584] Error 1
make[1]: Leaving directory '/home/glauberrleite/nav_class_ws/build/CMakeFiles/CMakeTmp'
make: *** [Makefile:126: cmTC_a0584/fast] Error 2

File /home/glauberrleite/nav_class_ws/build/CMakeFiles/CMakeTmp/CheckSymbolExists.c:
/* */
#include <pthread.h>

int main(int argc, char** argv)
{
  (void)argv;
#ifndef pthread_create
  return ((int*)(&pthread_create))[argc];
#else
  (void)argc;
  return 0;
#endif
}

Determining if the function pthread_create exists in the pthreads failed with the following output:
Change Dir: /home/glauberrleite/nav_class_ws/build/CMakeFiles/CMakeTmp

Run Build Command:"/usr/bin/make" "cmTC_562cf/fast"
/usr/bin/make -f CMakeFiles/cmTC_562cf.dir/build.make CMakeFiles/cmTC_562cf.dir/build
make[1]: Entering directory '/home/glauberrleite/nav_class_ws/build/CMakeFiles/CMakeTmp'
Building C object CMakeFiles/cmTC_562cf.dir/CheckFunctionExists.c.o
/usr/bin/cc   -DCHECK_FUNCTION_EXISTS=pthread_create   -o CMakeFiles/cmTC_562cf.dir/CheckFunctionExists.c.o   -c /usr/share/cmake-3.11/Modules/CheckFunctionExists.c
Linking C executable cmTC_562cf
/usr/bin/cmake -E cmake_link_script CMakeFiles/cmTC_562cf.dir/link.txt --verbose=1
/usr/bin/cc  -DCHECK_FUNCTION_EXISTS=pthread_create    -rdynamic CMakeFiles/cmTC_562cf.dir/CheckFunctionExists.c.o  -o cmTC_562cf -lpthreads 
/usr/bin/ld: não foi possível localizar -lpthreads
collect2: error: ld returned 1 exit status
make[1]: *** [CMakeFiles/cmTC_562cf.dir/build.make:87: cmTC_562cf] Error 1
make[1]: Leaving directory '/home/glauberrleite/nav_class_ws/build/CMakeFiles/CMakeTmp'
make: *** [Makefile:126: cmTC_562cf/fast] Error 2


